<?xml version='1.0' encoding='UTF-8'?>
<!DOCTYPE coverage SYSTEM 'http://cobertura.sourceforge.net/xml/coverage-04.dtd'>
<coverage line-rate="0.3218390804597701" branch-rate="0.30303030303030304" lines-covered="28" lines-valid="87" branches-covered="30" branches-valid="99" complexity="0.0" timestamp="1739657611" version="gcovr 8.2"><sources><source>.</source></sources><packages><package name="src" line-rate="0.3218390804597701" branch-rate="0.30303030303030304" complexity="0.0"><classes><class name="HatDefinition_cpp" filename="src/HatDefinition.cpp" line-rate="0.35" branch-rate="0.38461538461538464" complexity="0.0"><methods/><lines><line number="3" hits="15" branch="false"/><line number="4" hits="15" branch="true" condition-coverage="83% (5/6)"><conditions><condition number="0" type="jump" coverage="83%"/></conditions></line><line number="5" hits="3" branch="true" condition-coverage="50% (1/2)"><conditions><condition number="0" type="jump" coverage="50%"/></conditions></line><line number="6" hits="3" branch="true" condition-coverage="50% (1/2)"><conditions><condition number="0" type="jump" coverage="50%"/></conditions></line><line number="7" hits="3" branch="true" condition-coverage="50% (1/2)"><conditions><condition number="0" type="jump" coverage="50%"/></conditions></line><line number="8" hits="3" branch="true" condition-coverage="50% (1/2)"><conditions><condition number="0" type="jump" coverage="50%"/></conditions></line><line number="9" hits="3" branch="true" condition-coverage="50% (1/2)"><conditions><condition number="0" type="jump" coverage="50%"/></conditions></line><line number="10" hits="0" branch="false"/><line number="13" hits="0" branch="false"/><line number="14" hits="0" branch="true" condition-coverage="0% (0/2)"><conditions><condition number="0" type="jump" coverage="0%"/></conditions></line><line number="15" hits="0" branch="false"/><line number="17" hits="0" branch="true" condition-coverage="0% (0/2)"><conditions><condition number="0" type="jump" coverage="0%"/></conditions></line><line number="18" hits="0" branch="false"/><line number="20" hits="0" branch="true" condition-coverage="0% (0/2)"><conditions><condition number="0" type="jump" coverage="0%"/></conditions></line><line number="21" hits="0" branch="false"/><line number="23" hits="0" branch="true" condition-coverage="0% (0/2)"><conditions><condition number="0" type="jump" coverage="0%"/></conditions></line><line number="24" hits="0" branch="false"/><line number="26" hits="0" branch="true" condition-coverage="0% (0/2)"><conditions><condition number="0" type="jump" coverage="0%"/></conditions></line><line number="27" hits="0" branch="false"/><line number="30" hits="0" branch="false"/></lines></class><class name="RaspberryPiDefinition_cpp" filename="src/RaspberryPiDefinition.cpp" line-rate="0.31343283582089554" branch-rate="0.273972602739726" complexity="0.0"><methods/><lines><line number="13" hits="0" branch="false"/><line number="16" hits="0" branch="true" condition-coverage="0% (0/2)"><conditions><condition number="0" type="jump" coverage="0%"/></conditions></line><line number="17" hits="0" branch="false"/><line number="19" hits="0" branch="true" condition-coverage="0% (0/2)"><conditions><condition number="0" type="jump" coverage="0%"/></conditions></line><line number="20" hits="0" branch="false"/><line number="22" hits="0" branch="true" condition-coverage="0% (0/2)"><conditions><condition number="0" type="jump" coverage="0%"/></conditions></line><line number="23" hits="0" branch="false"/><line number="25" hits="0" branch="true" condition-coverage="0% (0/2)"><conditions><condition number="0" type="jump" coverage="0%"/></conditions></line><line number="26" hits="0" branch="false"/><line number="28" hits="0" branch="true" condition-coverage="0% (0/2)"><conditions><condition number="0" type="jump" coverage="0%"/></conditions></line><line number="29" hits="0" branch="false"/><line number="31" hits="0" branch="true" condition-coverage="0% (0/2)"><conditions><condition number="0" type="jump" coverage="0%"/></conditions></line><line number="32" hits="0" branch="false"/><line number="34" hits="0" branch="true" condition-coverage="0% (0/2)"><conditions><condition number="0" type="jump" coverage="0%"/></conditions></line><line number="35" hits="0" branch="false"/><line number="37" hits="0" branch="true" condition-coverage="0% (0/2)"><conditions><condition number="0" type="jump" coverage="0%"/></conditions></line><line number="38" hits="0" branch="false"/><line number="40" hits="0" branch="true" condition-coverage="0% (0/2)"><conditions><condition number="0" type="jump" coverage="0%"/></conditions></line><line number="41" hits="0" branch="false"/><line number="43" hits="0" branch="true" condition-coverage="0% (0/2)"><conditions><condition number="0" type="jump" coverage="0%"/></conditions></line><line number="44" hits="0" branch="false"/><line number="46" hits="0" branch="true" condition-coverage="0% (0/2)"><conditions><condition number="0" type="jump" coverage="0%"/></conditions></line><line number="47" hits="0" branch="false"/><line number="49" hits="0" branch="true" condition-coverage="0% (0/2)"><conditions><condition number="0" type="jump" coverage="0%"/></conditions></line><line number="50" hits="0" branch="false"/><line number="52" hits="0" branch="true" condition-coverage="0% (0/2)"><conditions><condition number="0" type="jump" coverage="0%"/></conditions></line><line number="53" hits="0" branch="false"/><line number="55" hits="0" branch="true" condition-coverage="0% (0/2)"><conditions><condition number="0" type="jump" coverage="0%"/></conditions></line><line number="56" hits="0" branch="false"/><line number="58" hits="0" branch="true" condition-coverage="0% (0/2)"><conditions><condition number="0" type="jump" coverage="0%"/></conditions></line><line number="59" hits="0" branch="false"/><line number="61" hits="0" branch="true" condition-coverage="0% (0/2)"><conditions><condition number="0" type="jump" coverage="0%"/></conditions></line><line number="62" hits="0" branch="false"/><line number="64" hits="0" branch="true" condition-coverage="0% (0/2)"><conditions><condition number="0" type="jump" coverage="0%"/></conditions></line><line number="65" hits="0" branch="false"/><line number="67" hits="0" branch="true" condition-coverage="0% (0/2)"><conditions><condition number="0" type="jump" coverage="0%"/></conditions></line><line number="68" hits="0" branch="false"/><line number="70" hits="0" branch="true" condition-coverage="0% (0/2)"><conditions><condition number="0" type="jump" coverage="0%"/></conditions></line><line number="71" hits="0" branch="false"/><line number="73" hits="0" branch="true" condition-coverage="0% (0/2)"><conditions><condition number="0" type="jump" coverage="0%"/></conditions></line><line number="74" hits="0" branch="false"/><line number="76" hits="0" branch="true" condition-coverage="0% (0/2)"><conditions><condition number="0" type="jump" coverage="0%"/></conditions></line><line number="77" hits="0" branch="false"/><line number="80" hits="0" branch="false"/><line number="83" hits="10" branch="false"/><line number="85" hits="10" branch="true" condition-coverage="90% (10/11)"><conditions><condition number="0" type="jump" coverage="90%"/></conditions></line><line number="86" hits="1" branch="true" condition-coverage="50% (1/2)"><conditions><condition number="0" type="jump" coverage="50%"/></conditions></line><line number="87" hits="1" branch="false"/><line number="88" hits="1" branch="true" condition-coverage="50% (1/2)"><conditions><condition number="0" type="jump" coverage="50%"/></conditions></line><line number="90" hits="1" branch="false"/><line number="91" hits="1" branch="true" condition-coverage="50% (1/2)"><conditions><condition number="0" type="jump" coverage="50%"/></conditions></line><line number="93" hits="1" branch="false"/><line number="94" hits="1" branch="true" condition-coverage="50% (1/2)"><conditions><condition number="0" type="jump" coverage="50%"/></conditions></line><line number="96" hits="1" branch="false"/><line number="97" hits="1" branch="true" condition-coverage="50% (1/2)"><conditions><condition number="0" type="jump" coverage="50%"/></conditions></line><line number="99" hits="1" branch="false"/><line number="100" hits="1" branch="true" condition-coverage="50% (1/2)"><conditions><condition number="0" type="jump" coverage="50%"/></conditions></line><line number="102" hits="1" branch="false"/><line number="103" hits="1" branch="true" condition-coverage="50% (1/2)"><conditions><condition number="0" type="jump" coverage="50%"/></conditions></line><line number="105" hits="1" branch="false"/><line number="106" hits="1" branch="true" condition-coverage="50% (1/2)"><conditions><condition number="0" type="jump" coverage="50%"/></conditions></line><line number="108" hits="1" branch="false"/><line number="109" hits="1" branch="true" condition-coverage="50% (1/2)"><conditions><condition number="0" type="jump" coverage="50%"/></conditions></line><line number="111" hits="1" branch="false"/><line number="112" hits="1" branch="true" condition-coverage="50% (1/2)"><conditions><condition number="0" type="jump" coverage="50%"/></conditions></line><line number="114" hits="0" branch="false"/><line number="115" hits="0" branch="false"/></lines></class></classes></package></packages></coverage>